********************************************************************************
DUPLICATOR-LITE PACKAGE-LOG: September 14, 2019 6:42 am
NOTICE: Do NOT post to public sites or forums 
********************************************************************************
VERSION:	1.3.22
WORDPRESS:	5.2
PHP INFO:	7.3.6 | SAPI: apache2handler
SERVER:		Apache/2.4.39 (Win64) OpenSSL/1.1.1c PHP/7.3.6 
PHP TIME LIMIT: (0) no time limit imposed 
PHP MAX MEMORY: 4294967296 (128M default) 
MEMORY STACK: 8MB

********************************************************************************
DATABASE:
********************************************************************************
BUILD MODE:   MYSQLDUMP
MYSQLTIMEOUT: 5000
MYSQLDUMP:    Is Supported
SQL CREATED: 20190914_thegoofydev_f46f5335a874aba97114_20190914064204_database.sql
SQL FILE SIZE: 3.24MB (3396506)
SQL FILE TIME: 2019-09-14 06:42:45
SQL RUNTIME: 3.41 sec.

********************************************************************************
ARCHIVE (ZIP):
********************************************************************************
ARCHIVE DIR:  C:/xampp/htdocs/pauldev
ARCHIVE FILE: 20190914_thegoofydev_f46f5335a874aba97114_20190914064204_archive.zip
FILTERS: *OFF*
DIRS:
	not set
FILES:
	not set
EXTS:  not set
----------------------------------------
COMPRESSING
SIZE:	111.26MB
STATS:	Dirs 737 | Files 6,610
SQL ADDED: 20190914_thegoofydev_f46f5335a874aba97114_20190914064204_database.sql
ZipArchive Object
(
    [status] => 0
    [statusSys] => 0
    [numFiles] => 7347
    [filename] => C:\xampp\htdocs\pauldev\wp-snapshots\tmp\20190914_thegoofydev_f46f5335a874aba97114_20190914064204_archive.zip
    [comment] => 
)

FILE ADDED TO ZIP: 7346
COMPRESSION RESULT: '1'
COMPRESSED SIZE: 66.59MB
ARCHIVE RUNTIME: 80.70 sec.
MEMORY STACK: 8MB
building installer
add_extra_files1
add_extra_files2
add_extra_files3
add_extra_files4
Doing archive file check
add_extra_files5
add_extra_files6
add_extra_files8
Successfully opened zip C:/xampp/htdocs/pauldev/wp-snapshots/tmp/20190914_thegoofydev_f46f5335a874aba97114_20190914064204_archive.zip
Adding enhanced installer files to archive using ZipArchive
Installer files added to archive
Added to archive
After ziparchive close when adding installer

********************************************************************************
INTEGRITY CHECKS:
********************************************************************************
SQL FILE: 3.24MB
INSTALLER FILE: 60.53KB
ARCHIVE FILE: 67.99MB 
EXPECTED FILE/DIRECTORY COUNT: 7,347
ACTUAL FILE/DIRECTORY COUNT: 7,346
ARCHIVE CONSISTENCY TEST: Pass

********************************************************************************
RECORD ID:[1]
TOTAL PROCESS RUNTIME: 86.16 sec.
PEAK PHP MEMORY USED: 10MB
DONE PROCESSING => 20190914_thegoofydev September 14, 2019 6:44 am

